<?xml version="1.0" encoding="UTF-8"?>
<robot generator="Robot 3.2.1 (Python 3.6.4 on win32)" generated="20200630 20:07:53.190" rpa="false">
<suite id="s1" name="TC 030 AngularJS" source="C:\PycharmProjects\Automation\TestCases\TC_030_AngularJS.robot">
<test id="s1-t1" name="TC_030 Test Angular Site">
<kw name="Open Browser and Maximize" type="setup">
<kw name="Open Browser" library="Selenium2Library">
<doc>Opens a new browser instance to the optional ``url``.</doc>
<arguments>
<arg>${url}</arg>
<arg>${browser}</arg>
</arguments>
<msg timestamp="20200630 20:07:53.677" level="INFO">Opening browser 'Chrome' to base url 'http://www.way2automation.com/angularjs-protractor/calc/'.</msg>
<status status="PASS" starttime="20200630 20:07:53.675" endtime="20200630 20:07:58.495"></status>
</kw>
<kw name="Set Window Size" library="Selenium2Library">
<doc>Sets current windows size to given ``width`` and ``height``.</doc>
<arguments>
<arg>1024</arg>
<arg>768</arg>
</arguments>
<status status="PASS" starttime="20200630 20:07:58.495" endtime="20200630 20:08:00.623"></status>
</kw>
<kw name="Set Browser Implicit Wait" library="Selenium2Library">
<doc>Sets the implicit wait value used by Selenium.</doc>
<arguments>
<arg>9</arg>
</arguments>
<status status="PASS" starttime="20200630 20:08:00.623" endtime="20200630 20:08:00.626"></status>
</kw>
<kw name="angularjslibrary.wait for angular">
<arguments>
<arg>builtin.should be true</arg>
</arguments>
<msg timestamp="20200630 20:08:00.635" level="FAIL">No keyword with name 'angularjslibrary.wait for angular' found.</msg>
<status status="FAIL" starttime="20200630 20:08:00.635" endtime="20200630 20:08:00.635"></status>
</kw>
<status status="FAIL" starttime="20200630 20:07:53.675" endtime="20200630 20:08:00.635"></status>
</kw>
<kw name="Close Browser Window" type="teardown">
<kw name="Get Title" library="Selenium2Library">
<doc>Returns the title of the current page.</doc>
<assign>
<var>${title}</var>
</assign>
<msg timestamp="20200630 20:08:00.644" level="INFO">${title} = Protractor practice website - Calculator</msg>
<status status="PASS" starttime="20200630 20:08:00.637" endtime="20200630 20:08:00.644"></status>
</kw>
<kw name="Log" library="BuiltIn">
<doc>Logs the given message with the given level.</doc>
<arguments>
<arg>${title}</arg>
</arguments>
<msg timestamp="20200630 20:08:00.645" level="INFO">Protractor practice website - Calculator</msg>
<status status="PASS" starttime="20200630 20:08:00.644" endtime="20200630 20:08:00.645"></status>
</kw>
<kw name="Log" library="BuiltIn">
<doc>Logs the given message with the given level.</doc>
<arguments>
<arg>Execution completed successfully</arg>
</arguments>
<msg timestamp="20200630 20:08:00.645" level="INFO">Execution completed successfully</msg>
<status status="PASS" starttime="20200630 20:08:00.645" endtime="20200630 20:08:00.645"></status>
</kw>
<kw name="Close All Browsers" library="Selenium2Library">
<doc>Closes all open browsers and resets the browser cache.</doc>
<status status="PASS" starttime="20200630 20:08:00.646" endtime="20200630 20:08:02.791"></status>
</kw>
<status status="PASS" starttime="20200630 20:08:00.636" endtime="20200630 20:08:02.791"></status>
</kw>
<status status="FAIL" starttime="20200630 20:07:53.673" endtime="20200630 20:08:02.793" critical="yes">Setup failed:
No keyword with name 'angularjslibrary.wait for angular' found.</status>
</test>
<status status="FAIL" starttime="20200630 20:07:53.193" endtime="20200630 20:08:02.798"></status>
</suite>
<statistics>
<total>
<stat pass="0" fail="1">Critical Tests</stat>
<stat pass="0" fail="1">All Tests</stat>
</total>
<tag>
</tag>
<suite>
<stat pass="0" fail="1" id="s1" name="TC 030 AngularJS">TC 030 AngularJS</stat>
</suite>
</statistics>
<errors>
</errors>
</robot>
